2019-10-27 02:03:24.955 [main] INFO  com.course.Application - Starting Application on Kai-PC with PID 8920 (C:\Users\Kai\workspace\muke\autoTest\Chapter11\target\classes started by Kai in C:\Users\Kai\workspace\muke\autoTest)
2019-10-27 02:03:25.337 [main] INFO  com.course.Application - No active profile set, falling back to default profiles: default
2019-10-27 02:03:25.440 [main] INFO  o.s.boot.web.servlet.context.AnnotationConfigServletWebServerApplicationContext - Refreshing org.springframework.boot.web.servlet.context.AnnotationConfigServletWebServerApplicationContext@25748410: startup date [Sun Oct 27 02:03:25 CST 2019]; root of context hierarchy
2019-10-27 02:03:26.388 [main] WARN  org.mybatis.spring.mapper.ClassPathMapperScanner - No MyBatis mapper was found in '[com.course]' package. Please check your configuration.
2019-10-27 02:03:26.710 [main] INFO  o.springframework.beans.factory.annotation.AutowiredAnnotationBeanPostProcessor - JSR-330 'javax.inject.Inject' annotation found and supported for autowiring
2019-10-27 02:03:27.224 [main] INFO  org.springframework.boot.web.embedded.tomcat.TomcatWebServer - Tomcat initialized with port(s): 8899 (http)
2019-10-27 02:03:27.262 [main] INFO  org.apache.catalina.core.StandardService - Starting service [Tomcat]
2019-10-27 02:03:27.262 [main] INFO  org.apache.catalina.core.StandardEngine - Starting Servlet Engine: Apache Tomcat/8.5.28
2019-10-27 02:03:27.269 [localhost-startStop-1] INFO  org.apache.catalina.core.AprLifecycleListener - The APR based Apache Tomcat Native library which allows optimal performance in production environments was not found on the java.library.path: [F:\Java\jdk-9.0.4\bin;C:\Windows\Sun\Java\bin;C:\Windows\system32;C:\Windows;C:\Windows\system32;C:\Windows;C:\Windows\System32\Wbem;C:\Windows\System32\WindowsPowerShell\v1.0\;C:\Program Files (x86)\Intel\OpenCL SDK\2.0\bin\x86;C:\Program Files (x86)\Intel\OpenCL SDK\2.0\bin\x64;C:\Program Files (x86)\NVIDIA Corporation\PhysX\Common;C:\Program Files (x86)\Intel\OpenCL SDK\2.0\bin\x86;C:\Program Files (x86)\Intel\OpenCL SDK\2.0\bin\x64;C:\Program Files (x86)\Microsoft SQL Server\100\Tools\Binn\VSShell\Common7\IDE\;C:\Program Files (x86)\Microsoft SQL Server\100\Tools\Binn\;f:\Sql Server Management\100\Tools\Binn\;C:\Program Files (x86)\Microsoft SQL Server\100\DTS\Binn\;f:\Sql Server Management\100\DTS\Binn\;F:\Sql Server Management\Feature Directory\Client SDK\ODBC\110\Tools\Binn\;F:\Sql Server Management\Feature Directory X86\120\Tools\Binn\ManagementStudio\;F:\Sql Server Management\Feature Directory X86\120\Tools\Binn\;F:\Sql Server Management\Feature Directory\120\Tools\Binn\;F:\Sql Server Management\Feature Directory X86\120\DTS\Binn\;F:\Sql Server Management\Feature Directory\120\DTS\Binn\;F:\Sql Server Management\Feature Directory\130\Tools\Binn\;F:\Git\Git\cmd;F:\数据库\Mysql data\bin;F:;数据库\Mysql installation files\bin;F:;Database\Mysql installation files\bin;F:\Java\jdk-9.0.4\bin;F:\Java\jdk-9.0.4\bin;F:\Maven\apache-maven-3.6.0\bin;C:\Program Files\MySQL\MySQL Server 5.5\bin;F:\Java\jdk-9.0.4\bin;F:\Java\jdk-9.0.4\jre\bin;F:\Software\NodeJS\;C:\Program Files\Git\cmd;C:\Program Files\Git\bin;C:\Program Files\Java\jdk-10.0.1\bin;C:\Users\Kai\AppData\Local\Programs\Fiddler;C:\Users\Kai\AppData\Roaming\npm;F:\Software\Visual Studio Code\Microsoft VS Code\bin;C:\Program Files\MySQL\MySQL Server 5.7\bin;.]
2019-10-27 02:03:27.507 [localhost-startStop-1] INFO  org.apache.catalina.core.ContainerBase.[Tomcat].[localhost].[/] - Initializing Spring embedded WebApplicationContext
2019-10-27 02:03:27.507 [localhost-startStop-1] INFO  org.springframework.web.context.ContextLoader - Root WebApplicationContext: initialization completed in 2068 ms
2019-10-27 02:03:27.696 [localhost-startStop-1] INFO  org.springframework.boot.web.servlet.ServletRegistrationBean - Servlet dispatcherServlet mapped to [/]
2019-10-27 02:03:27.703 [localhost-startStop-1] INFO  org.springframework.boot.web.servlet.FilterRegistrationBean - Mapping filter: 'characterEncodingFilter' to: [/*]
2019-10-27 02:03:27.704 [localhost-startStop-1] INFO  org.springframework.boot.web.servlet.FilterRegistrationBean - Mapping filter: 'hiddenHttpMethodFilter' to: [/*]
2019-10-27 02:03:27.704 [localhost-startStop-1] INFO  org.springframework.boot.web.servlet.FilterRegistrationBean - Mapping filter: 'httpPutFormContentFilter' to: [/*]
2019-10-27 02:03:27.704 [localhost-startStop-1] INFO  org.springframework.boot.web.servlet.FilterRegistrationBean - Mapping filter: 'requestContextFilter' to: [/*]
2019-10-27 02:03:28.463 [main] INFO  o.springframework.web.servlet.mvc.method.annotation.RequestMappingHandlerAdapter - Looking for @ControllerAdvice: org.springframework.boot.web.servlet.context.AnnotationConfigServletWebServerApplicationContext@25748410: startup date [Sun Oct 27 02:03:25 CST 2019]; root of context hierarchy
2019-10-27 02:03:28.539 [main] INFO  o.springframework.web.servlet.mvc.method.annotation.RequestMappingHandlerMapping - Mapped "{[/v1/getUserCount],methods=[GET]}" onto public int com.course.controller.Demo.getUserCount()
2019-10-27 02:03:28.541 [main] INFO  o.springframework.web.servlet.mvc.method.annotation.RequestMappingHandlerMapping - Mapped "{[/v1/updateUser],methods=[POST]}" onto public int com.course.controller.Demo.updateUser(com.course.model.User)
2019-10-27 02:03:28.541 [main] INFO  o.springframework.web.servlet.mvc.method.annotation.RequestMappingHandlerMapping - Mapped "{[/v1/deleteUser],methods=[GET]}" onto public int com.course.controller.Demo.deleteUser(int)
2019-10-27 02:03:28.542 [main] INFO  o.springframework.web.servlet.mvc.method.annotation.RequestMappingHandlerMapping - Mapped "{[/v1/addUser],methods=[POST]}" onto public int com.course.controller.Demo.addUser(com.course.model.User)
2019-10-27 02:03:28.548 [main] INFO  o.springframework.web.servlet.mvc.method.annotation.RequestMappingHandlerMapping - Mapped "{[/error]}" onto public org.springframework.http.ResponseEntity<java.util.Map<java.lang.String, java.lang.Object>> org.springframework.boot.autoconfigure.web.servlet.error.BasicErrorController.error(javax.servlet.http.HttpServletRequest)
2019-10-27 02:03:28.551 [main] INFO  o.springframework.web.servlet.mvc.method.annotation.RequestMappingHandlerMapping - Mapped "{[/error],produces=[text/html]}" onto public org.springframework.web.servlet.ModelAndView org.springframework.boot.autoconfigure.web.servlet.error.BasicErrorController.errorHtml(javax.servlet.http.HttpServletRequest,javax.servlet.http.HttpServletResponse)
2019-10-27 02:03:28.623 [main] INFO  org.springframework.web.servlet.handler.SimpleUrlHandlerMapping - Mapped URL path [/webjars/**] onto handler of type [class org.springframework.web.servlet.resource.ResourceHttpRequestHandler]
2019-10-27 02:03:28.623 [main] INFO  org.springframework.web.servlet.handler.SimpleUrlHandlerMapping - Mapped URL path [/**] onto handler of type [class org.springframework.web.servlet.resource.ResourceHttpRequestHandler]
2019-10-27 02:03:28.680 [main] INFO  org.springframework.web.servlet.handler.SimpleUrlHandlerMapping - Mapped URL path [/**/favicon.ico] onto handler of type [class org.springframework.web.servlet.resource.ResourceHttpRequestHandler]
2019-10-27 02:03:28.963 [main] INFO  org.springframework.jmx.export.annotation.AnnotationMBeanExporter - Registering beans for JMX exposure on startup
2019-10-27 02:03:28.965 [main] INFO  org.springframework.jmx.export.annotation.AnnotationMBeanExporter - Bean with name 'dataSource' has been autodetected for JMX exposure
2019-10-27 02:03:28.973 [main] INFO  org.springframework.jmx.export.annotation.AnnotationMBeanExporter - Located MBean 'dataSource': registering with JMX server as MBean [com.zaxxer.hikari:name=dataSource,type=HikariDataSource]
2019-10-27 02:03:29.024 [main] INFO  org.springframework.boot.web.embedded.tomcat.TomcatWebServer - Tomcat started on port(s): 8899 (http) with context path ''
2019-10-27 02:03:29.030 [main] INFO  com.course.Application - Started Application in 5.426 seconds (JVM running for 7.451)
2019-10-27 02:03:46.833 [http-nio-8899-exec-1] INFO  org.apache.catalina.core.ContainerBase.[Tomcat].[localhost].[/] - Initializing Spring FrameworkServlet 'dispatcherServlet'
2019-10-27 02:03:46.834 [http-nio-8899-exec-1] INFO  org.springframework.web.servlet.DispatcherServlet - FrameworkServlet 'dispatcherServlet': initialization started
2019-10-27 02:03:46.861 [http-nio-8899-exec-1] INFO  org.springframework.web.servlet.DispatcherServlet - FrameworkServlet 'dispatcherServlet': initialization completed in 27 ms
2019-10-27 02:03:46.904 [http-nio-8899-exec-1] INFO  com.zaxxer.hikari.HikariDataSource - HikariPool-1 - Starting...
2019-10-27 02:03:47.217 [http-nio-8899-exec-1] INFO  com.zaxxer.hikari.HikariDataSource - HikariPool-1 - Start completed.
2019-10-27 10:40:05.047 [main] INFO  com.course.Application - Starting Application on Kai-PC with PID 6344 (C:\Users\Kai\workspace\muke\autoTest\Chapter11\target\classes started by Kai in C:\Users\Kai\workspace\muke\autoTest)
2019-10-27 10:40:05.058 [main] INFO  com.course.Application - No active profile set, falling back to default profiles: default
2019-10-27 10:40:05.292 [main] INFO  o.s.boot.web.servlet.context.AnnotationConfigServletWebServerApplicationContext - Refreshing org.springframework.boot.web.servlet.context.AnnotationConfigServletWebServerApplicationContext@1623134f: startup date [Sun Oct 27 10:40:05 CST 2019]; root of context hierarchy
2019-10-27 10:40:06.707 [main] WARN  org.mybatis.spring.mapper.ClassPathMapperScanner - No MyBatis mapper was found in '[com.course]' package. Please check your configuration.
2019-10-27 10:40:07.326 [main] INFO  o.springframework.beans.factory.annotation.AutowiredAnnotationBeanPostProcessor - JSR-330 'javax.inject.Inject' annotation found and supported for autowiring
2019-10-27 10:40:08.223 [main] INFO  org.springframework.boot.web.embedded.tomcat.TomcatWebServer - Tomcat initialized with port(s): 8899 (http)
2019-10-27 10:40:08.269 [main] INFO  org.apache.catalina.core.StandardService - Starting service [Tomcat]
2019-10-27 10:40:08.270 [main] INFO  org.apache.catalina.core.StandardEngine - Starting Servlet Engine: Apache Tomcat/8.5.28
2019-10-27 10:40:08.277 [localhost-startStop-1] INFO  org.apache.catalina.core.AprLifecycleListener - The APR based Apache Tomcat Native library which allows optimal performance in production environments was not found on the java.library.path: [F:\Java\jdk-9.0.4\bin;C:\Windows\Sun\Java\bin;C:\Windows\system32;C:\Windows;C:\Windows\system32;C:\Windows;C:\Windows\System32\Wbem;C:\Windows\System32\WindowsPowerShell\v1.0\;C:\Program Files (x86)\Intel\OpenCL SDK\2.0\bin\x86;C:\Program Files (x86)\Intel\OpenCL SDK\2.0\bin\x64;C:\Program Files (x86)\NVIDIA Corporation\PhysX\Common;C:\Program Files (x86)\Intel\OpenCL SDK\2.0\bin\x86;C:\Program Files (x86)\Intel\OpenCL SDK\2.0\bin\x64;C:\Program Files (x86)\Microsoft SQL Server\100\Tools\Binn\VSShell\Common7\IDE\;C:\Program Files (x86)\Microsoft SQL Server\100\Tools\Binn\;f:\Sql Server Management\100\Tools\Binn\;C:\Program Files (x86)\Microsoft SQL Server\100\DTS\Binn\;f:\Sql Server Management\100\DTS\Binn\;F:\Sql Server Management\Feature Directory\Client SDK\ODBC\110\Tools\Binn\;F:\Sql Server Management\Feature Directory X86\120\Tools\Binn\ManagementStudio\;F:\Sql Server Management\Feature Directory X86\120\Tools\Binn\;F:\Sql Server Management\Feature Directory\120\Tools\Binn\;F:\Sql Server Management\Feature Directory X86\120\DTS\Binn\;F:\Sql Server Management\Feature Directory\120\DTS\Binn\;F:\Sql Server Management\Feature Directory\130\Tools\Binn\;F:\Git\Git\cmd;F:\数据库\Mysql data\bin;F:;数据库\Mysql installation files\bin;F:;Database\Mysql installation files\bin;F:\Java\jdk-9.0.4\bin;F:\Java\jdk-9.0.4\bin;F:\Maven\apache-maven-3.6.0\bin;C:\Program Files\MySQL\MySQL Server 5.5\bin;F:\Java\jdk-9.0.4\bin;F:\Java\jdk-9.0.4\jre\bin;F:\Software\NodeJS\;C:\Program Files\Git\cmd;C:\Program Files\Git\bin;C:\Program Files\Java\jdk-10.0.1\bin;C:\Users\Kai\AppData\Local\Programs\Fiddler;C:\Users\Kai\AppData\Roaming\npm;F:\Software\Visual Studio Code\Microsoft VS Code\bin;C:\Program Files\MySQL\MySQL Server 5.7\bin;.]
2019-10-27 10:40:08.585 [localhost-startStop-1] INFO  org.apache.catalina.core.ContainerBase.[Tomcat].[localhost].[/] - Initializing Spring embedded WebApplicationContext
2019-10-27 10:40:08.586 [localhost-startStop-1] INFO  org.springframework.web.context.ContextLoader - Root WebApplicationContext: initialization completed in 3294 ms
2019-10-27 10:40:08.873 [localhost-startStop-1] INFO  org.springframework.boot.web.servlet.ServletRegistrationBean - Servlet dispatcherServlet mapped to [/]
2019-10-27 10:40:08.883 [localhost-startStop-1] INFO  org.springframework.boot.web.servlet.FilterRegistrationBean - Mapping filter: 'characterEncodingFilter' to: [/*]
2019-10-27 10:40:08.883 [localhost-startStop-1] INFO  org.springframework.boot.web.servlet.FilterRegistrationBean - Mapping filter: 'hiddenHttpMethodFilter' to: [/*]
2019-10-27 10:40:08.883 [localhost-startStop-1] INFO  org.springframework.boot.web.servlet.FilterRegistrationBean - Mapping filter: 'httpPutFormContentFilter' to: [/*]
2019-10-27 10:40:08.884 [localhost-startStop-1] INFO  org.springframework.boot.web.servlet.FilterRegistrationBean - Mapping filter: 'requestContextFilter' to: [/*]
2019-10-27 10:40:09.774 [main] INFO  o.springframework.web.servlet.mvc.method.annotation.RequestMappingHandlerAdapter - Looking for @ControllerAdvice: org.springframework.boot.web.servlet.context.AnnotationConfigServletWebServerApplicationContext@1623134f: startup date [Sun Oct 27 10:40:05 CST 2019]; root of context hierarchy
2019-10-27 10:40:09.868 [main] INFO  o.springframework.web.servlet.mvc.method.annotation.RequestMappingHandlerMapping - Mapped "{[/v1/addUser],methods=[POST]}" onto public int com.course.controller.Demo.addUser(com.course.model.User)
2019-10-27 10:40:09.870 [main] INFO  o.springframework.web.servlet.mvc.method.annotation.RequestMappingHandlerMapping - Mapped "{[/v1/getUserCount],methods=[GET]}" onto public int com.course.controller.Demo.getUserCount()
2019-10-27 10:40:09.870 [main] INFO  o.springframework.web.servlet.mvc.method.annotation.RequestMappingHandlerMapping - Mapped "{[/v1/updateUser],methods=[POST]}" onto public int com.course.controller.Demo.updateUser(com.course.model.User)
2019-10-27 10:40:09.870 [main] INFO  o.springframework.web.servlet.mvc.method.annotation.RequestMappingHandlerMapping - Mapped "{[/v1/deleteUser],methods=[GET]}" onto public int com.course.controller.Demo.deleteUser(int)
2019-10-27 10:40:09.877 [main] INFO  o.springframework.web.servlet.mvc.method.annotation.RequestMappingHandlerMapping - Mapped "{[/error]}" onto public org.springframework.http.ResponseEntity<java.util.Map<java.lang.String, java.lang.Object>> org.springframework.boot.autoconfigure.web.servlet.error.BasicErrorController.error(javax.servlet.http.HttpServletRequest)
2019-10-27 10:40:09.878 [main] INFO  o.springframework.web.servlet.mvc.method.annotation.RequestMappingHandlerMapping - Mapped "{[/error],produces=[text/html]}" onto public org.springframework.web.servlet.ModelAndView org.springframework.boot.autoconfigure.web.servlet.error.BasicErrorController.errorHtml(javax.servlet.http.HttpServletRequest,javax.servlet.http.HttpServletResponse)
2019-10-27 10:40:09.927 [main] INFO  org.springframework.web.servlet.handler.SimpleUrlHandlerMapping - Mapped URL path [/webjars/**] onto handler of type [class org.springframework.web.servlet.resource.ResourceHttpRequestHandler]
2019-10-27 10:40:09.927 [main] INFO  org.springframework.web.servlet.handler.SimpleUrlHandlerMapping - Mapped URL path [/**] onto handler of type [class org.springframework.web.servlet.resource.ResourceHttpRequestHandler]
2019-10-27 10:40:10.064 [main] INFO  org.springframework.web.servlet.handler.SimpleUrlHandlerMapping - Mapped URL path [/**/favicon.ico] onto handler of type [class org.springframework.web.servlet.resource.ResourceHttpRequestHandler]
2019-10-27 10:40:10.416 [main] INFO  org.springframework.jmx.export.annotation.AnnotationMBeanExporter - Registering beans for JMX exposure on startup
2019-10-27 10:40:10.417 [main] INFO  org.springframework.jmx.export.annotation.AnnotationMBeanExporter - Bean with name 'dataSource' has been autodetected for JMX exposure
2019-10-27 10:40:10.425 [main] INFO  org.springframework.jmx.export.annotation.AnnotationMBeanExporter - Located MBean 'dataSource': registering with JMX server as MBean [com.zaxxer.hikari:name=dataSource,type=HikariDataSource]
2019-10-27 10:40:10.483 [main] INFO  org.springframework.boot.web.embedded.tomcat.TomcatWebServer - Tomcat started on port(s): 8899 (http) with context path ''
2019-10-27 10:40:10.489 [main] INFO  com.course.Application - Started Application in 6.403 seconds (JVM running for 10.986)
2019-10-27 10:40:33.385 [main] INFO  com.course.Application - Starting Application on Kai-PC with PID 5304 (C:\Users\Kai\workspace\muke\autoTest\Chapter11\target\classes started by Kai in C:\Users\Kai\workspace\muke\autoTest)
2019-10-27 10:40:33.391 [main] INFO  com.course.Application - No active profile set, falling back to default profiles: default
2019-10-27 10:40:33.498 [main] INFO  o.s.boot.web.servlet.context.AnnotationConfigServletWebServerApplicationContext - Refreshing org.springframework.boot.web.servlet.context.AnnotationConfigServletWebServerApplicationContext@25748410: startup date [Sun Oct 27 10:40:33 CST 2019]; root of context hierarchy
2019-10-27 10:40:35.029 [main] WARN  org.mybatis.spring.mapper.ClassPathMapperScanner - No MyBatis mapper was found in '[com.course]' package. Please check your configuration.
2019-10-27 10:40:35.358 [main] INFO  o.springframework.beans.factory.annotation.AutowiredAnnotationBeanPostProcessor - JSR-330 'javax.inject.Inject' annotation found and supported for autowiring
2019-10-27 10:40:35.969 [main] INFO  org.springframework.boot.web.embedded.tomcat.TomcatWebServer - Tomcat initialized with port(s): 8888 (http)
2019-10-27 10:40:36.003 [main] INFO  org.apache.catalina.core.StandardService - Starting service [Tomcat]
2019-10-27 10:40:36.003 [main] INFO  org.apache.catalina.core.StandardEngine - Starting Servlet Engine: Apache Tomcat/8.5.28
2019-10-27 10:40:36.009 [localhost-startStop-1] INFO  org.apache.catalina.core.AprLifecycleListener - The APR based Apache Tomcat Native library which allows optimal performance in production environments was not found on the java.library.path: [F:\Java\jdk-9.0.4\bin;C:\Windows\Sun\Java\bin;C:\Windows\system32;C:\Windows;C:\Windows\system32;C:\Windows;C:\Windows\System32\Wbem;C:\Windows\System32\WindowsPowerShell\v1.0\;C:\Program Files (x86)\Intel\OpenCL SDK\2.0\bin\x86;C:\Program Files (x86)\Intel\OpenCL SDK\2.0\bin\x64;C:\Program Files (x86)\NVIDIA Corporation\PhysX\Common;C:\Program Files (x86)\Intel\OpenCL SDK\2.0\bin\x86;C:\Program Files (x86)\Intel\OpenCL SDK\2.0\bin\x64;C:\Program Files (x86)\Microsoft SQL Server\100\Tools\Binn\VSShell\Common7\IDE\;C:\Program Files (x86)\Microsoft SQL Server\100\Tools\Binn\;f:\Sql Server Management\100\Tools\Binn\;C:\Program Files (x86)\Microsoft SQL Server\100\DTS\Binn\;f:\Sql Server Management\100\DTS\Binn\;F:\Sql Server Management\Feature Directory\Client SDK\ODBC\110\Tools\Binn\;F:\Sql Server Management\Feature Directory X86\120\Tools\Binn\ManagementStudio\;F:\Sql Server Management\Feature Directory X86\120\Tools\Binn\;F:\Sql Server Management\Feature Directory\120\Tools\Binn\;F:\Sql Server Management\Feature Directory X86\120\DTS\Binn\;F:\Sql Server Management\Feature Directory\120\DTS\Binn\;F:\Sql Server Management\Feature Directory\130\Tools\Binn\;F:\Git\Git\cmd;F:\数据库\Mysql data\bin;F:;数据库\Mysql installation files\bin;F:;Database\Mysql installation files\bin;F:\Java\jdk-9.0.4\bin;F:\Java\jdk-9.0.4\bin;F:\Maven\apache-maven-3.6.0\bin;C:\Program Files\MySQL\MySQL Server 5.5\bin;F:\Java\jdk-9.0.4\bin;F:\Java\jdk-9.0.4\jre\bin;F:\Software\NodeJS\;C:\Program Files\Git\cmd;C:\Program Files\Git\bin;C:\Program Files\Java\jdk-10.0.1\bin;C:\Users\Kai\AppData\Local\Programs\Fiddler;C:\Users\Kai\AppData\Roaming\npm;F:\Software\Visual Studio Code\Microsoft VS Code\bin;C:\Program Files\MySQL\MySQL Server 5.7\bin;.]
2019-10-27 10:40:36.202 [localhost-startStop-1] INFO  org.apache.catalina.core.ContainerBase.[Tomcat].[localhost].[/] - Initializing Spring embedded WebApplicationContext
2019-10-27 10:40:36.202 [localhost-startStop-1] INFO  org.springframework.web.context.ContextLoader - Root WebApplicationContext: initialization completed in 2704 ms
2019-10-27 10:40:36.431 [localhost-startStop-1] INFO  org.springframework.boot.web.servlet.ServletRegistrationBean - Servlet dispatcherServlet mapped to [/]
2019-10-27 10:40:36.442 [localhost-startStop-1] INFO  org.springframework.boot.web.servlet.FilterRegistrationBean - Mapping filter: 'characterEncodingFilter' to: [/*]
2019-10-27 10:40:36.442 [localhost-startStop-1] INFO  org.springframework.boot.web.servlet.FilterRegistrationBean - Mapping filter: 'hiddenHttpMethodFilter' to: [/*]
2019-10-27 10:40:36.442 [localhost-startStop-1] INFO  org.springframework.boot.web.servlet.FilterRegistrationBean - Mapping filter: 'httpPutFormContentFilter' to: [/*]
2019-10-27 10:40:36.442 [localhost-startStop-1] INFO  org.springframework.boot.web.servlet.FilterRegistrationBean - Mapping filter: 'requestContextFilter' to: [/*]
2019-10-27 10:40:37.322 [main] INFO  o.springframework.web.servlet.mvc.method.annotation.RequestMappingHandlerAdapter - Looking for @ControllerAdvice: org.springframework.boot.web.servlet.context.AnnotationConfigServletWebServerApplicationContext@25748410: startup date [Sun Oct 27 10:40:33 CST 2019]; root of context hierarchy
2019-10-27 10:40:37.421 [main] INFO  o.springframework.web.servlet.mvc.method.annotation.RequestMappingHandlerMapping - Mapped "{[/v1/addUser],methods=[POST]}" onto public int com.course.controller.Demo.addUser(com.course.model.User)
2019-10-27 10:40:37.422 [main] INFO  o.springframework.web.servlet.mvc.method.annotation.RequestMappingHandlerMapping - Mapped "{[/v1/getUserCount],methods=[GET]}" onto public int com.course.controller.Demo.getUserCount()
2019-10-27 10:40:37.422 [main] INFO  o.springframework.web.servlet.mvc.method.annotation.RequestMappingHandlerMapping - Mapped "{[/v1/updateUser],methods=[POST]}" onto public int com.course.controller.Demo.updateUser(com.course.model.User)
2019-10-27 10:40:37.423 [main] INFO  o.springframework.web.servlet.mvc.method.annotation.RequestMappingHandlerMapping - Mapped "{[/v1/deleteUser],methods=[GET]}" onto public int com.course.controller.Demo.deleteUser(int)
2019-10-27 10:40:37.428 [main] INFO  o.springframework.web.servlet.mvc.method.annotation.RequestMappingHandlerMapping - Mapped "{[/error]}" onto public org.springframework.http.ResponseEntity<java.util.Map<java.lang.String, java.lang.Object>> org.springframework.boot.autoconfigure.web.servlet.error.BasicErrorController.error(javax.servlet.http.HttpServletRequest)
2019-10-27 10:40:37.429 [main] INFO  o.springframework.web.servlet.mvc.method.annotation.RequestMappingHandlerMapping - Mapped "{[/error],produces=[text/html]}" onto public org.springframework.web.servlet.ModelAndView org.springframework.boot.autoconfigure.web.servlet.error.BasicErrorController.errorHtml(javax.servlet.http.HttpServletRequest,javax.servlet.http.HttpServletResponse)
2019-10-27 10:40:37.477 [main] INFO  org.springframework.web.servlet.handler.SimpleUrlHandlerMapping - Mapped URL path [/webjars/**] onto handler of type [class org.springframework.web.servlet.resource.ResourceHttpRequestHandler]
2019-10-27 10:40:37.477 [main] INFO  org.springframework.web.servlet.handler.SimpleUrlHandlerMapping - Mapped URL path [/**] onto handler of type [class org.springframework.web.servlet.resource.ResourceHttpRequestHandler]
2019-10-27 10:40:37.533 [main] INFO  org.springframework.web.servlet.handler.SimpleUrlHandlerMapping - Mapped URL path [/**/favicon.ico] onto handler of type [class org.springframework.web.servlet.resource.ResourceHttpRequestHandler]
2019-10-27 10:40:37.847 [main] INFO  org.springframework.jmx.export.annotation.AnnotationMBeanExporter - Registering beans for JMX exposure on startup
2019-10-27 10:40:37.848 [main] INFO  org.springframework.jmx.export.annotation.AnnotationMBeanExporter - Bean with name 'dataSource' has been autodetected for JMX exposure
2019-10-27 10:40:37.855 [main] INFO  org.springframework.jmx.export.annotation.AnnotationMBeanExporter - Located MBean 'dataSource': registering with JMX server as MBean [com.zaxxer.hikari:name=dataSource,type=HikariDataSource]
2019-10-27 10:40:37.905 [main] INFO  org.springframework.boot.web.embedded.tomcat.TomcatWebServer - Tomcat started on port(s): 8888 (http) with context path ''
2019-10-27 10:40:37.912 [main] INFO  com.course.Application - Started Application in 5.396 seconds (JVM running for 7.368)
2019-10-27 10:41:24.805 [http-nio-8888-exec-1] INFO  org.apache.catalina.core.ContainerBase.[Tomcat].[localhost].[/] - Initializing Spring FrameworkServlet 'dispatcherServlet'
2019-10-27 10:41:24.806 [http-nio-8888-exec-1] INFO  org.springframework.web.servlet.DispatcherServlet - FrameworkServlet 'dispatcherServlet': initialization started
2019-10-27 10:41:24.839 [http-nio-8888-exec-1] INFO  org.springframework.web.servlet.DispatcherServlet - FrameworkServlet 'dispatcherServlet': initialization completed in 33 ms
2019-10-27 10:41:37.221 [http-nio-8888-exec-3] INFO  com.zaxxer.hikari.HikariDataSource - HikariPool-1 - Starting...
2019-10-27 10:41:37.547 [http-nio-8888-exec-3] INFO  com.zaxxer.hikari.HikariDataSource - HikariPool-1 - Start completed.
